<?xml version="1.0" encoding="utf-8" standalone="no"?>
<test-results xmlns:xsi="http://www.w3.org/2001/XMLSchema-instance" xsi:noNamespaceSchemaLocation="nunit_schema_2.5.xsd" name="Pester" total="31" errors="0" failures="0" not-run="0" inconclusive="0" ignored="0" skipped="0" invalid="0" date="2026-04-13" time="22:53:47">
  <environment machine-name="DR-HOME-V11" cwd="C:\Sources\Github\Therena\WindowsDevelopmentShellTools" user-domain="DR-HOME-V11" nunit-version="2.5.8.0" user="david" platform="Microsoft Windows 11 Pro|C:\WINDOWS|\Device\Harddisk0\Partition3" os-version="10.0.26200" clr-version="10.0.5" />
  <culture-info current-culture="en-DE" current-uiculture="en-US" />
  <test-suite type="TestFixture" name="Pester" executed="True" result="Success" success="True" time="2.2986" asserts="0" description="Pester">
    <results>
      <test-suite type="TestFixture" name="C:\Sources\Github\Therena\WindowsDevelopmentShellTools\Tests\Windows-Development-Shell-Tools.Tests.ps1" executed="True" result="Success" success="True" time="2.2986" asserts="0" description="C:\Sources\Github\Therena\WindowsDevelopmentShellTools\Tests\Windows-Development-Shell-Tools.Tests.ps1">
        <results>
          <test-suite type="TestFixture" name="Windows-Development-Shell-Tools manifest" executed="True" result="Success" success="True" time="0.1019" asserts="0" description="Windows-Development-Shell-Tools manifest">
            <results>
              <test-case description="passes Test-ModuleManifest" name="Windows-Development-Shell-Tools manifest.passes Test-ModuleManifest" time="0.0955" asserts="0" success="True" result="Success" executed="True" />
            </results>
          </test-suite>
          <test-suite type="TestFixture" name="Exported commands" executed="True" result="Success" success="True" time="0.1285" asserts="0" description="Exported commands">
            <results>
              <test-case description="exports every function listed in FunctionsToExport" name="Exported commands.exports every function listed in FunctionsToExport" time="0.022" asserts="0" success="True" result="Success" executed="True" />
            </results>
          </test-suite>
          <test-suite type="TestFixture" name="Get-DateTime" executed="True" result="Success" success="True" time="0.1631" asserts="0" description="Get-DateTime">
            <results>
              <test-case description="returns four time formats" name="Get-DateTime.returns four time formats" time="0.0302" asserts="0" success="True" result="Success" executed="True" />
            </results>
          </test-suite>
          <test-suite type="TestFixture" name="Get-EicarSignature" executed="True" result="Success" success="True" time="0.1792" asserts="0" description="Get-EicarSignature">
            <results>
              <test-case description="returns the EICAR test string" name="Get-EicarSignature.returns the EICAR test string" time="0.012" asserts="0" success="True" result="Success" executed="True" />
            </results>
          </test-suite>
          <test-suite type="TestFixture" name="Get-OperatingSystemBitness" executed="True" result="Success" success="True" time="0.1931" asserts="0" description="Get-OperatingSystemBitness">
            <results>
              <test-case description="returns x64 or x86" name="Get-OperatingSystemBitness.returns x64 or x86" time="0.0099" asserts="0" success="True" result="Success" executed="True" />
            </results>
          </test-suite>
          <test-suite type="TestFixture" name="Find-WindowsKitFile" executed="True" result="Success" success="True" time="0.6176" asserts="0" description="Find-WindowsKitFile">
            <results>
              <test-case description="returns a DataTable with Path, WDK, and Bitness columns" name="Find-WindowsKitFile.returns a DataTable with Path, WDK, and Bitness columns" time="0.2066" asserts="0" success="True" result="Success" executed="True" />
              <test-case description="maps directory layout into at least one row" name="Find-WindowsKitFile.maps directory layout into at least one row" time="0.2008" asserts="0" success="True" result="Success" executed="True" />
            </results>
          </test-suite>
          <test-suite type="TestFixture" name="Get-DebuggerPath, Get-KernelDebuggerPath, Get-SymbolCheck" executed="True" result="Success" success="True" time="1.2171" asserts="0" description="Get-DebuggerPath, Get-KernelDebuggerPath, Get-SymbolCheck">
            <results>
              <test-case description="Get-DebuggerPath searches for windbg.exe" name="Get-DebuggerPath, Get-KernelDebuggerPath, Get-SymbolCheck.Get-DebuggerPath searches for windbg.exe" time="0.1993" asserts="0" success="True" result="Success" executed="True" />
              <test-case description="Get-KernelDebuggerPath searches for kd.exe" name="Get-DebuggerPath, Get-KernelDebuggerPath, Get-SymbolCheck.Get-KernelDebuggerPath searches for kd.exe" time="0.1942" asserts="0" success="True" result="Success" executed="True" />
              <test-case description="Get-SymbolCheck searches for symchk.exe" name="Get-DebuggerPath, Get-KernelDebuggerPath, Get-SymbolCheck.Get-SymbolCheck searches for symchk.exe" time="0.1924" asserts="0" success="True" result="Success" executed="True" />
            </results>
          </test-suite>
          <test-suite type="TestFixture" name="Get-LinesOfCode" executed="True" result="Success" success="True" time="1.2727" asserts="0" description="Get-LinesOfCode">
            <results>
              <test-case description="counts lines for a single file path" name="Get-LinesOfCode.counts lines for a single file path" time="0.0219" asserts="0" success="True" result="Success" executed="True" />
              <test-case description="lists per file when -FileBased and -Recursive are set" name="Get-LinesOfCode.lists per file when -FileBased and -Recursive are set" time="0.0165" asserts="0" success="True" result="Success" executed="True" />
            </results>
          </test-suite>
          <test-suite type="TestFixture" name="Get-DumpAnalysis and Open-DumpAnalysis" executed="True" result="Success" success="True" time="1.373" asserts="0" description="Get-DumpAnalysis and Open-DumpAnalysis">
            <results>
              <test-suite type="TestFixture" name="Get-DumpAnalysis and Open-DumpAnalysis.invokes the kernel debugger shim when a matching debugger row exists" executed="True" result="Success" success="True" time="0.0955" asserts="0" description="Get-DumpAnalysis and Open-DumpAnalysis.invokes the kernel debugger shim when a matching debugger row exists">
                <results>
                  <test-case description="Get-DumpAnalysis requests AnalyzeThenQuit" name="Get-DumpAnalysis and Open-DumpAnalysis.invokes the kernel debugger shim when a matching debugger row exists.Get-DumpAnalysis requests AnalyzeThenQuit" time="0.0392" asserts="0" success="True" result="Success" executed="True" />
                  <test-case description="Open-DumpAnalysis requests AnalyzeStayOpen" name="Get-DumpAnalysis and Open-DumpAnalysis.invokes the kernel debugger shim when a matching debugger row exists.Open-DumpAnalysis requests AnalyzeStayOpen" time="0.0347" asserts="0" success="True" result="Success" executed="True" />
                </results>
              </test-suite>
              <test-case description="Get-DumpAnalysis throws when the dump file is missing" name="Get-DumpAnalysis and Open-DumpAnalysis.Get-DumpAnalysis throws when the dump file is missing" time="0.0077" asserts="0" success="True" result="Success" executed="True" />
              <test-case description="Open-DumpAnalysis throws when the dump file is missing" name="Get-DumpAnalysis and Open-DumpAnalysis.Open-DumpAnalysis throws when the dump file is missing" time="0.0054" asserts="0" success="True" result="Success" executed="True" />
            </results>
          </test-suite>
          <test-suite type="TestFixture" name="Find-Symbols" executed="True" result="Success" success="True" time="1.5279" asserts="0" description="Find-Symbols">
            <results>
              <test-suite type="TestFixture" name="Find-Symbols.invokes symchk with the expected switches" executed="True" result="Success" success="True" time="0.1504" asserts="0" description="Find-Symbols.invokes symchk with the expected switches">
                <results>
                  <test-case description="runs symchk with /r only by default" name="Find-Symbols.invokes symchk with the expected switches.runs symchk with /r only by default" time="0.0407" asserts="0" success="True" result="Success" executed="True" />
                  <test-case description="adds /v when -Detailed is set" name="Find-Symbols.invokes symchk with the expected switches.adds /v when -Detailed is set" time="0.0271" asserts="0" success="True" result="Success" executed="True" />
                  <test-case description="adds /oc when -DownloadTo is set" name="Find-Symbols.invokes symchk with the expected switches.adds /oc when -DownloadTo is set" time="0.032" asserts="0" success="True" result="Success" executed="True" />
                  <test-case description="combines /v and /oc when both switches are used" name="Find-Symbols.invokes symchk with the expected switches.combines /v and /oc when both switches are used" time="0.029" asserts="0" success="True" result="Success" executed="True" />
                </results>
              </test-suite>
              <test-case description="throws when the path does not exist" name="Find-Symbols.throws when the path does not exist" time="0.0063" asserts="0" success="True" result="Success" executed="True" />
            </results>
          </test-suite>
          <test-suite type="TestFixture" name="Connect-KernelDebugger" executed="True" result="Success" success="True" time="1.5793" asserts="0" description="Connect-KernelDebugger">
            <results>
              <test-case description="does not throw when no debugger is found (no-op)" name="Connect-KernelDebugger.does not throw when no debugger is found (no-op)" time="0.0196" asserts="0" success="True" result="Success" executed="True" />
              <test-case description="starts WinDbg with the kernel pipe when a debugger row exists" name="Connect-KernelDebugger.starts WinDbg with the kernel pipe when a debugger row exists" time="0.0271" asserts="0" success="True" result="Success" executed="True" />
            </results>
          </test-suite>
          <test-suite type="TestFixture" name="Get-HexDump" executed="True" result="Success" success="True" time="1.5902" asserts="0" description="Get-HexDump">
            <results>
              <test-case description="returns a hex string starting with an offset line" name="Get-HexDump.returns a hex string starting with an offset line" time="0.0046" asserts="0" success="True" result="Success" executed="True" />
            </results>
          </test-suite>
          <test-suite type="TestFixture" name="Get-FileDetails" executed="True" result="Success" success="True" time="1.646" asserts="0" description="Get-FileDetails">
            <results>
              <test-case description="returns version metadata for a copied System32 executable" name="Get-FileDetails.returns version metadata for a copied System32 executable" time="0.0462" asserts="0" success="True" result="Success" executed="True" />
            </results>
          </test-suite>
          <test-suite type="TestFixture" name="Get-AuthenticodeDetails" executed="True" result="Success" success="True" time="1.8693" asserts="0" description="Get-AuthenticodeDetails">
            <results>
              <test-case description="fills the certificate table from PKCS signer metadata" name="Get-AuthenticodeDetails.fills the certificate table from PKCS signer metadata" time="0.0222" asserts="0" success="True" result="Success" executed="True" />
            </results>
          </test-suite>
          <test-suite type="TestFixture" name="Get-NestedAuthenticodeDetails" executed="True" result="Success" success="True" time="2.0852" asserts="0" description="Get-NestedAuthenticodeDetails">
            <results>
              <test-case description="adds no rows when the signer has no nested PKCS attributes" name="Get-NestedAuthenticodeDetails.adds no rows when the signer has no nested PKCS attributes" time="0.1824" asserts="0" success="True" result="Success" executed="True" />
              <test-case description="expands nested Microsoft OID 1.3.6.1.4.1.311.2.4.1 using checked-in CMS fixture" name="Get-NestedAuthenticodeDetails.expands nested Microsoft OID 1.3.6.1.4.1.311.2.4.1 using checked-in CMS fixture" time="0.0288" asserts="0" success="True" result="Success" executed="True" />
            </results>
          </test-suite>
          <test-suite type="TestFixture" name="Get-AuthenticodeDetails integration" executed="True" result="Success" success="True" time="2.1153" asserts="0" description="Get-AuthenticodeDetails integration">
            <results>
              <test-case description="Get-AuthenticodeSignerInfosForFile returns PKCS signers for a common system PE" name="Get-AuthenticodeDetails integration.Get-AuthenticodeSignerInfosForFile returns PKCS signers for a common system PE" time="0.0075" asserts="0" success="True" result="Success" executed="True" />
              <test-case description="Get-AuthenticodeDetails returns certificate rows for a system file with embedded PKCS" name="Get-AuthenticodeDetails integration.Get-AuthenticodeDetails returns certificate rows for a system file with embedded PKCS" time="0.0181" asserts="0" success="True" result="Success" executed="True" />
            </results>
          </test-suite>
          <test-suite type="TestFixture" name="Get-GlobalAssemblyCache" executed="True" result="Success" success="True" time="2.1471" asserts="0" description="Get-GlobalAssemblyCache">
            <results>
              <test-case description="returns a DataTable with expected columns and parses Fusion-style value names" name="Get-GlobalAssemblyCache.returns a DataTable with expected columns and parses Fusion-style value names" time="0.0203" asserts="0" success="True" result="Success" executed="True" />
            </results>
          </test-suite>
        </results>
      </test-suite>
    </results>
  </test-suite>
</test-results>